[perf] NVIDIA GeForce RTX 5090 (compute 12.0); cudnn.benchmark=ON, TF32=ON
Device: cuda
Dataset:   cifar10 (10 classes)
Backbone:  cifar_resnet18 (CIFAR-adapted: 3x3 stem, no maxpool)
Train:     200 epochs, batch=256, lr=0.1→0 cosine, momentum=0.9, wd=0.0005
Augment:   RandomCrop(32, pad=4) + RandomHorizontalFlip
Normalize: mean=[0.4914, 0.4822, 0.4465], std=[0.247, 0.2435, 0.2616]
Precision: AMP (FP16),  num_workers=8
Loaded CIFAR10: train=50000, test=10000
[  1/200]  lr=0.1000  train_loss=2.2157 acc=0.2399  test_loss=1.7058 acc=0.3686  (9.6s)
[  2/200]  lr=0.1000  train_loss=1.5256 acc=0.4375  test_loss=1.6295 acc=0.4131  (3.0s)
[  3/200]  lr=0.0999  train_loss=1.2305 acc=0.5542  test_loss=1.2586 acc=0.5527  (2.8s)
[  4/200]  lr=0.0999  train_loss=0.9839 acc=0.6484  test_loss=0.9431 acc=0.6636  (2.9s)
[  5/200]  lr=0.0998  train_loss=0.8100 acc=0.7130  test_loss=0.9835 acc=0.6728  (2.9s)
[  6/200]  lr=0.0998  train_loss=0.6815 acc=0.7631  test_loss=0.7295 acc=0.7508  (2.9s)
[  7/200]  lr=0.0997  train_loss=0.5999 acc=0.7896  test_loss=0.7206 acc=0.7426  (2.8s)
[  8/200]  lr=0.0996  train_loss=0.5363 acc=0.8135  test_loss=0.6074 acc=0.7950  (2.8s)
[  9/200]  lr=0.0995  train_loss=0.4904 acc=0.8303  test_loss=0.7738 acc=0.7405  (3.0s)
[ 10/200]  lr=0.0994  train_loss=0.4527 acc=0.8447  test_loss=0.6311 acc=0.7870  (2.8s)
[ 11/200]  lr=0.0993  train_loss=0.4224 acc=0.8537  test_loss=0.5743 acc=0.8084  (2.9s)
[ 12/200]  lr=0.0991  train_loss=0.3998 acc=0.8613  test_loss=0.5471 acc=0.8172  (2.8s)
[ 13/200]  lr=0.0990  train_loss=0.3802 acc=0.8694  test_loss=0.5271 acc=0.8223  (2.8s)
[ 14/200]  lr=0.0988  train_loss=0.3624 acc=0.8755  test_loss=0.5491 acc=0.8197  (2.9s)
[ 15/200]  lr=0.0986  train_loss=0.3444 acc=0.8823  test_loss=0.7302 acc=0.7619  (2.9s)
[ 16/200]  lr=0.0984  train_loss=0.3326 acc=0.8864  test_loss=0.5565 acc=0.8247  (2.9s)
[ 17/200]  lr=0.0982  train_loss=0.3254 acc=0.8876  test_loss=0.5529 acc=0.8199  (2.9s)
[ 18/200]  lr=0.0980  train_loss=0.3112 acc=0.8937  test_loss=0.4952 acc=0.8357  (2.8s)
[ 19/200]  lr=0.0978  train_loss=0.3030 acc=0.8962  test_loss=0.5187 acc=0.8326  (2.8s)
[ 20/200]  lr=0.0976  train_loss=0.2968 acc=0.8973  test_loss=0.4862 acc=0.8427  (2.9s)
[ 21/200]  lr=0.0973  train_loss=0.2859 acc=0.9012  test_loss=0.4245 acc=0.8590  (2.8s)
[ 22/200]  lr=0.0970  train_loss=0.2811 acc=0.9027  test_loss=0.5138 acc=0.8318  (2.9s)
[ 23/200]  lr=0.0968  train_loss=0.2734 acc=0.9056  test_loss=0.4950 acc=0.8397  (2.9s)
[ 24/200]  lr=0.0965  train_loss=0.2654 acc=0.9088  test_loss=0.5071 acc=0.8397  (2.8s)
[ 25/200]  lr=0.0962  train_loss=0.2632 acc=0.9102  test_loss=0.5100 acc=0.8370  (3.0s)
[ 26/200]  lr=0.0959  train_loss=0.2533 acc=0.9134  test_loss=0.4543 acc=0.8524  (2.8s)
[ 27/200]  lr=0.0956  train_loss=0.2550 acc=0.9133  test_loss=0.4431 acc=0.8515  (2.9s)
[ 28/200]  lr=0.0952  train_loss=0.2486 acc=0.9141  test_loss=0.5218 acc=0.8476  (2.9s)
[ 29/200]  lr=0.0949  train_loss=0.2452 acc=0.9159  test_loss=0.4211 acc=0.8664  (2.9s)
[ 30/200]  lr=0.0946  train_loss=0.2409 acc=0.9176  test_loss=0.4483 acc=0.8548  (2.7s)
[ 31/200]  lr=0.0942  train_loss=0.2328 acc=0.9180  test_loss=0.5404 acc=0.8367  (2.8s)
[ 32/200]  lr=0.0938  train_loss=0.2325 acc=0.9203  test_loss=0.3988 acc=0.8728  (3.0s)
[ 33/200]  lr=0.0934  train_loss=0.2244 acc=0.9229  test_loss=0.5863 acc=0.8241  (2.9s)
[ 34/200]  lr=0.0930  train_loss=0.2232 acc=0.9223  test_loss=0.4530 acc=0.8526  (2.9s)
[ 35/200]  lr=0.0926  train_loss=0.2198 acc=0.9258  test_loss=0.4834 acc=0.8537  (2.9s)
[ 36/200]  lr=0.0922  train_loss=0.2174 acc=0.9247  test_loss=0.5169 acc=0.8424  (3.0s)
[ 37/200]  lr=0.0918  train_loss=0.2141 acc=0.9267  test_loss=0.4564 acc=0.8590  (3.2s)
[ 38/200]  lr=0.0914  train_loss=0.2080 acc=0.9275  test_loss=0.5498 acc=0.8341  (3.0s)
[ 39/200]  lr=0.0909  train_loss=0.2097 acc=0.9283  test_loss=0.3804 acc=0.8800  (2.9s)
[ 40/200]  lr=0.0905  train_loss=0.1986 acc=0.9314  test_loss=0.4149 acc=0.8670  (3.1s)
[ 41/200]  lr=0.0900  train_loss=0.2036 acc=0.9314  test_loss=0.4163 acc=0.8763  (2.9s)
[ 42/200]  lr=0.0895  train_loss=0.2019 acc=0.9308  test_loss=0.4357 acc=0.8558  (2.9s)
[ 43/200]  lr=0.0890  train_loss=0.1964 acc=0.9328  test_loss=0.4360 acc=0.8598  (3.0s)
[ 44/200]  lr=0.0885  train_loss=0.1925 acc=0.9342  test_loss=0.4280 acc=0.8643  (3.0s)
[ 45/200]  lr=0.0880  train_loss=0.2022 acc=0.9306  test_loss=0.8087 acc=0.7840  (3.0s)
[ 46/200]  lr=0.0875  train_loss=0.1912 acc=0.9347  test_loss=0.3995 acc=0.8733  (2.9s)
[ 47/200]  lr=0.0870  train_loss=0.1908 acc=0.9341  test_loss=0.4523 acc=0.8605  (2.9s)
[ 48/200]  lr=0.0864  train_loss=0.1848 acc=0.9360  test_loss=0.3367 acc=0.8872  (2.9s)
[ 49/200]  lr=0.0859  train_loss=0.1817 acc=0.9377  test_loss=0.5108 acc=0.8467  (2.8s)
[ 50/200]  lr=0.0854  train_loss=0.1846 acc=0.9369  test_loss=0.5977 acc=0.8257  (3.0s)
[ 51/200]  lr=0.0848  train_loss=0.1751 acc=0.9401  test_loss=0.3632 acc=0.8857  (3.1s)
[ 52/200]  lr=0.0842  train_loss=0.1786 acc=0.9391  test_loss=0.4141 acc=0.8628  (3.1s)
[ 53/200]  lr=0.0837  train_loss=0.1854 acc=0.9355  test_loss=0.5633 acc=0.8375  (2.9s)
[ 54/200]  lr=0.0831  train_loss=0.1747 acc=0.9399  test_loss=0.5503 acc=0.8351  (2.9s)
[ 55/200]  lr=0.0825  train_loss=0.1750 acc=0.9404  test_loss=0.3884 acc=0.8783  (2.8s)
[ 56/200]  lr=0.0819  train_loss=0.1724 acc=0.9411  test_loss=0.4476 acc=0.8641  (3.0s)
[ 57/200]  lr=0.0813  train_loss=0.1702 acc=0.9409  test_loss=0.4385 acc=0.8632  (2.8s)
[ 58/200]  lr=0.0806  train_loss=0.1675 acc=0.9426  test_loss=0.3736 acc=0.8835  (2.9s)
[ 59/200]  lr=0.0800  train_loss=0.1606 acc=0.9447  test_loss=0.3592 acc=0.8868  (2.8s)
[ 60/200]  lr=0.0794  train_loss=0.1667 acc=0.9431  test_loss=0.4429 acc=0.8685  (2.9s)
[ 61/200]  lr=0.0788  train_loss=0.1659 acc=0.9425  test_loss=0.3385 acc=0.8878  (2.9s)
[ 62/200]  lr=0.0781  train_loss=0.1618 acc=0.9443  test_loss=0.4359 acc=0.8646  (2.9s)
[ 63/200]  lr=0.0775  train_loss=0.1576 acc=0.9459  test_loss=0.3898 acc=0.8763  (2.8s)
[ 64/200]  lr=0.0768  train_loss=0.1590 acc=0.9452  test_loss=0.3516 acc=0.8929  (2.8s)
[ 65/200]  lr=0.0761  train_loss=0.1480 acc=0.9493  test_loss=0.4966 acc=0.8598  (2.8s)
[ 66/200]  lr=0.0755  train_loss=0.1531 acc=0.9476  test_loss=0.4195 acc=0.8724  (2.8s)
[ 67/200]  lr=0.0748  train_loss=0.1535 acc=0.9473  test_loss=0.3508 acc=0.8895  (2.9s)
[ 68/200]  lr=0.0741  train_loss=0.1531 acc=0.9476  test_loss=0.3808 acc=0.8799  (3.0s)
[ 69/200]  lr=0.0734  train_loss=0.1469 acc=0.9485  test_loss=0.5505 acc=0.8420  (2.8s)
[ 70/200]  lr=0.0727  train_loss=0.1454 acc=0.9502  test_loss=0.4593 acc=0.8625  (2.9s)
[ 71/200]  lr=0.0720  train_loss=0.1440 acc=0.9500  test_loss=0.4371 acc=0.8745  (2.8s)
[ 72/200]  lr=0.0713  train_loss=0.1428 acc=0.9506  test_loss=0.3891 acc=0.8849  (2.8s)
[ 73/200]  lr=0.0706  train_loss=0.1384 acc=0.9532  test_loss=0.3810 acc=0.8836  (2.8s)
[ 74/200]  lr=0.0699  train_loss=0.1364 acc=0.9539  test_loss=0.3836 acc=0.8806  (2.8s)
[ 75/200]  lr=0.0691  train_loss=0.1327 acc=0.9542  test_loss=0.4036 acc=0.8770  (3.0s)
[ 76/200]  lr=0.0684  train_loss=0.1330 acc=0.9542  test_loss=0.3885 acc=0.8833  (2.8s)
[ 77/200]  lr=0.0677  train_loss=0.1329 acc=0.9544  test_loss=0.3611 acc=0.8893  (2.8s)
[ 78/200]  lr=0.0669  train_loss=0.1354 acc=0.9533  test_loss=0.4043 acc=0.8765  (2.8s)
[ 79/200]  lr=0.0662  train_loss=0.1303 acc=0.9553  test_loss=0.4040 acc=0.8759  (2.9s)
[ 80/200]  lr=0.0655  train_loss=0.1256 acc=0.9570  test_loss=0.4421 acc=0.8718  (2.8s)
[ 81/200]  lr=0.0647  train_loss=0.1231 acc=0.9584  test_loss=0.4229 acc=0.8775  (2.8s)
[ 82/200]  lr=0.0639  train_loss=0.1303 acc=0.9550  test_loss=0.3630 acc=0.8854  (2.9s)
[ 83/200]  lr=0.0632  train_loss=0.1253 acc=0.9571  test_loss=0.3781 acc=0.8887  (2.9s)
[ 84/200]  lr=0.0624  train_loss=0.1195 acc=0.9584  test_loss=0.4521 acc=0.8657  (2.8s)
[ 85/200]  lr=0.0617  train_loss=0.1235 acc=0.9579  test_loss=0.3768 acc=0.8812  (2.8s)
[ 86/200]  lr=0.0609  train_loss=0.1174 acc=0.9597  test_loss=0.3631 acc=0.8882  (2.9s)
[ 87/200]  lr=0.0601  train_loss=0.1132 acc=0.9623  test_loss=0.4485 acc=0.8686  (2.8s)
[ 88/200]  lr=0.0594  train_loss=0.1199 acc=0.9591  test_loss=0.3597 acc=0.8927  (2.8s)
[ 89/200]  lr=0.0586  train_loss=0.1154 acc=0.9602  test_loss=0.4156 acc=0.8813  (2.9s)
[ 90/200]  lr=0.0578  train_loss=0.1139 acc=0.9609  test_loss=0.3115 acc=0.9060  (2.7s)
[ 91/200]  lr=0.0570  train_loss=0.1055 acc=0.9638  test_loss=0.3812 acc=0.8927  (2.8s)
[ 92/200]  lr=0.0563  train_loss=0.1033 acc=0.9643  test_loss=0.2976 acc=0.9068  (2.8s)
[ 93/200]  lr=0.0555  train_loss=0.1040 acc=0.9648  test_loss=0.3513 acc=0.8955  (2.9s)
[ 94/200]  lr=0.0547  train_loss=0.1022 acc=0.9646  test_loss=0.3780 acc=0.8869  (3.0s)
[ 95/200]  lr=0.0539  train_loss=0.1030 acc=0.9642  test_loss=0.3244 acc=0.9026  (2.9s)
[ 96/200]  lr=0.0531  train_loss=0.1052 acc=0.9636  test_loss=0.2884 acc=0.9118  (2.9s)
[ 97/200]  lr=0.0524  train_loss=0.1018 acc=0.9652  test_loss=0.3386 acc=0.9015  (2.9s)
[ 98/200]  lr=0.0516  train_loss=0.0982 acc=0.9663  test_loss=0.3359 acc=0.9007  (2.9s)
[ 99/200]  lr=0.0508  train_loss=0.0997 acc=0.9656  test_loss=0.3060 acc=0.9064  (2.8s)
[100/200]  lr=0.0500  train_loss=0.0932 acc=0.9685  test_loss=0.2879 acc=0.9145  (2.9s)
[101/200]  lr=0.0492  train_loss=0.0886 acc=0.9700  test_loss=0.2894 acc=0.9127  (2.8s)
[102/200]  lr=0.0484  train_loss=0.0934 acc=0.9682  test_loss=0.3032 acc=0.9069  (2.9s)
[103/200]  lr=0.0476  train_loss=0.0890 acc=0.9705  test_loss=0.3557 acc=0.8965  (2.8s)
[104/200]  lr=0.0469  train_loss=0.0897 acc=0.9694  test_loss=0.4376 acc=0.8810  (3.0s)
[105/200]  lr=0.0461  train_loss=0.0851 acc=0.9709  test_loss=0.3589 acc=0.8979  (2.8s)
[106/200]  lr=0.0453  train_loss=0.0806 acc=0.9730  test_loss=0.3013 acc=0.9125  (2.9s)
[107/200]  lr=0.0445  train_loss=0.0841 acc=0.9710  test_loss=0.3092 acc=0.9127  (2.8s)
[108/200]  lr=0.0437  train_loss=0.0823 acc=0.9720  test_loss=0.3275 acc=0.9048  (2.8s)
[109/200]  lr=0.0430  train_loss=0.0777 acc=0.9744  test_loss=0.3877 acc=0.8920  (2.8s)
[110/200]  lr=0.0422  train_loss=0.0813 acc=0.9724  test_loss=0.4377 acc=0.8779  (2.9s)
[111/200]  lr=0.0414  train_loss=0.0747 acc=0.9739  test_loss=0.3133 acc=0.9107  (2.8s)
[112/200]  lr=0.0406  train_loss=0.0693 acc=0.9768  test_loss=0.3329 acc=0.9054  (2.8s)
[113/200]  lr=0.0399  train_loss=0.0773 acc=0.9737  test_loss=0.3132 acc=0.9074  (2.8s)
[114/200]  lr=0.0391  train_loss=0.0647 acc=0.9784  test_loss=0.3407 acc=0.9034  (2.9s)
[115/200]  lr=0.0383  train_loss=0.0681 acc=0.9780  test_loss=0.3086 acc=0.9109  (2.8s)
[116/200]  lr=0.0376  train_loss=0.0685 acc=0.9774  test_loss=0.3189 acc=0.9134  (3.1s)
[117/200]  lr=0.0368  train_loss=0.0663 acc=0.9782  test_loss=0.3732 acc=0.8955  (2.8s)
[118/200]  lr=0.0361  train_loss=0.0674 acc=0.9779  test_loss=0.3194 acc=0.9103  (2.8s)
[119/200]  lr=0.0353  train_loss=0.0631 acc=0.9783  test_loss=0.3103 acc=0.9110  (2.8s)
[120/200]  lr=0.0345  train_loss=0.0591 acc=0.9802  test_loss=0.4227 acc=0.8866  (2.8s)
[121/200]  lr=0.0338  train_loss=0.0603 acc=0.9801  test_loss=0.2812 acc=0.9195  (2.7s)
[122/200]  lr=0.0331  train_loss=0.0574 acc=0.9811  test_loss=0.3730 acc=0.8978  (3.0s)
[123/200]  lr=0.0323  train_loss=0.0547 acc=0.9813  test_loss=0.3240 acc=0.9138  (2.8s)
[124/200]  lr=0.0316  train_loss=0.0526 acc=0.9826  test_loss=0.3253 acc=0.9091  (2.9s)
[125/200]  lr=0.0309  train_loss=0.0487 acc=0.9840  test_loss=0.2813 acc=0.9247  (2.8s)
[126/200]  lr=0.0301  train_loss=0.0482 acc=0.9843  test_loss=0.2517 acc=0.9291  (2.8s)
[127/200]  lr=0.0294  train_loss=0.0444 acc=0.9854  test_loss=0.3941 acc=0.8972  (3.0s)
[128/200]  lr=0.0287  train_loss=0.0459 acc=0.9845  test_loss=0.2746 acc=0.9248  (2.7s)
[129/200]  lr=0.0280  train_loss=0.0456 acc=0.9847  test_loss=0.2874 acc=0.9201  (2.8s)
[130/200]  lr=0.0273  train_loss=0.0431 acc=0.9861  test_loss=0.3690 acc=0.8987  (2.8s)
[131/200]  lr=0.0266  train_loss=0.0415 acc=0.9865  test_loss=0.2900 acc=0.9211  (2.8s)
[132/200]  lr=0.0259  train_loss=0.0394 acc=0.9869  test_loss=0.2811 acc=0.9220  (3.0s)
[133/200]  lr=0.0252  train_loss=0.0371 acc=0.9882  test_loss=0.2999 acc=0.9180  (2.9s)
[134/200]  lr=0.0245  train_loss=0.0348 acc=0.9889  test_loss=0.2722 acc=0.9212  (2.9s)
[135/200]  lr=0.0239  train_loss=0.0354 acc=0.9887  test_loss=0.2836 acc=0.9238  (2.9s)
[136/200]  lr=0.0232  train_loss=0.0339 acc=0.9893  test_loss=0.2645 acc=0.9274  (2.9s)
[137/200]  lr=0.0225  train_loss=0.0325 acc=0.9893  test_loss=0.2952 acc=0.9205  (2.8s)
[138/200]  lr=0.0219  train_loss=0.0279 acc=0.9911  test_loss=0.2762 acc=0.9239  (2.9s)
[139/200]  lr=0.0212  train_loss=0.0298 acc=0.9906  test_loss=0.2925 acc=0.9274  (2.8s)
[140/200]  lr=0.0206  train_loss=0.0242 acc=0.9924  test_loss=0.2649 acc=0.9317  (2.9s)
[141/200]  lr=0.0200  train_loss=0.0288 acc=0.9909  test_loss=0.2866 acc=0.9218  (2.9s)
[142/200]  lr=0.0194  train_loss=0.0273 acc=0.9914  test_loss=0.2795 acc=0.9270  (2.9s)
[143/200]  lr=0.0187  train_loss=0.0206 acc=0.9938  test_loss=0.2662 acc=0.9306  (2.9s)
[144/200]  lr=0.0181  train_loss=0.0209 acc=0.9933  test_loss=0.3050 acc=0.9201  (2.9s)
[145/200]  lr=0.0175  train_loss=0.0212 acc=0.9936  test_loss=0.2562 acc=0.9327  (2.8s)
[146/200]  lr=0.0169  train_loss=0.0164 acc=0.9951  test_loss=0.2467 acc=0.9355  (3.3s)
[147/200]  lr=0.0163  train_loss=0.0165 acc=0.9951  test_loss=0.2562 acc=0.9357  (2.9s)
[148/200]  lr=0.0158  train_loss=0.0172 acc=0.9948  test_loss=0.2880 acc=0.9271  (2.9s)
[149/200]  lr=0.0152  train_loss=0.0166 acc=0.9951  test_loss=0.2579 acc=0.9343  (2.9s)
[150/200]  lr=0.0146  train_loss=0.0116 acc=0.9967  test_loss=0.2923 acc=0.9277  (2.7s)
[151/200]  lr=0.0141  train_loss=0.0113 acc=0.9967  test_loss=0.2425 acc=0.9374  (2.7s)
[152/200]  lr=0.0136  train_loss=0.0112 acc=0.9969  test_loss=0.2435 acc=0.9388  (2.8s)
[153/200]  lr=0.0130  train_loss=0.0114 acc=0.9967  test_loss=0.2316 acc=0.9407  (2.9s)
[154/200]  lr=0.0125  train_loss=0.0094 acc=0.9975  test_loss=0.2354 acc=0.9419  (2.9s)
[155/200]  lr=0.0120  train_loss=0.0074 acc=0.9981  test_loss=0.2322 acc=0.9431  (2.9s)
[156/200]  lr=0.0115  train_loss=0.0088 acc=0.9977  test_loss=0.2407 acc=0.9419  (2.8s)
[157/200]  lr=0.0110  train_loss=0.0058 acc=0.9988  test_loss=0.2256 acc=0.9436  (2.9s)
[158/200]  lr=0.0105  train_loss=0.0041 acc=0.9992  test_loss=0.2345 acc=0.9422  (2.9s)
[159/200]  lr=0.0100  train_loss=0.0044 acc=0.9992  test_loss=0.2157 acc=0.9449  (2.9s)
[160/200]  lr=0.0095  train_loss=0.0034 acc=0.9994  test_loss=0.2016 acc=0.9482  (2.8s)
[161/200]  lr=0.0091  train_loss=0.0031 acc=0.9996  test_loss=0.2079 acc=0.9482  (2.8s)
[162/200]  lr=0.0086  train_loss=0.0026 acc=0.9997  test_loss=0.1961 acc=0.9515  (3.1s)
[163/200]  lr=0.0082  train_loss=0.0022 acc=0.9998  test_loss=0.2023 acc=0.9501  (2.9s)
[164/200]  lr=0.0078  train_loss=0.0018 acc=0.9999  test_loss=0.1912 acc=0.9518  (2.8s)
[165/200]  lr=0.0074  train_loss=0.0019 acc=0.9998  test_loss=0.1918 acc=0.9506  (2.9s)
[166/200]  lr=0.0070  train_loss=0.0020 acc=0.9998  test_loss=0.1962 acc=0.9502  (2.9s)
[167/200]  lr=0.0066  train_loss=0.0018 acc=0.9999  test_loss=0.1894 acc=0.9511  (2.8s)
[168/200]  lr=0.0062  train_loss=0.0017 acc=0.9999  test_loss=0.1839 acc=0.9524  (2.8s)
[169/200]  lr=0.0058  train_loss=0.0016 acc=1.0000  test_loss=0.1844 acc=0.9520  (2.8s)
[170/200]  lr=0.0054  train_loss=0.0016 acc=0.9999  test_loss=0.1836 acc=0.9519  (2.9s)
[171/200]  lr=0.0051  train_loss=0.0016 acc=1.0000  test_loss=0.1822 acc=0.9532  (2.8s)
[172/200]  lr=0.0048  train_loss=0.0016 acc=1.0000  test_loss=0.1837 acc=0.9519  (2.9s)
[173/200]  lr=0.0044  train_loss=0.0015 acc=1.0000  test_loss=0.1852 acc=0.9503  (2.9s)
[174/200]  lr=0.0041  train_loss=0.0016 acc=1.0000  test_loss=0.1818 acc=0.9519  (2.8s)
[175/200]  lr=0.0038  train_loss=0.0015 acc=1.0000  test_loss=0.1827 acc=0.9512  (2.8s)
[176/200]  lr=0.0035  train_loss=0.0015 acc=1.0000  test_loss=0.1807 acc=0.9519  (2.9s)
[177/200]  lr=0.0032  train_loss=0.0015 acc=1.0000  test_loss=0.1797 acc=0.9526  (3.1s)
[178/200]  lr=0.0030  train_loss=0.0015 acc=0.9999  test_loss=0.1775 acc=0.9534  (2.8s)
[179/200]  lr=0.0027  train_loss=0.0015 acc=1.0000  test_loss=0.1770 acc=0.9530  (2.7s)
[180/200]  lr=0.0024  train_loss=0.0015 acc=1.0000  test_loss=0.1791 acc=0.9527  (2.8s)
[181/200]  lr=0.0022  train_loss=0.0015 acc=1.0000  test_loss=0.1787 acc=0.9519  (2.9s)
[182/200]  lr=0.0020  train_loss=0.0014 acc=1.0000  test_loss=0.1778 acc=0.9527  (2.8s)
[183/200]  lr=0.0018  train_loss=0.0015 acc=1.0000  test_loss=0.1780 acc=0.9522  (2.8s)
[184/200]  lr=0.0016  train_loss=0.0015 acc=1.0000  test_loss=0.1775 acc=0.9531  (3.0s)
[185/200]  lr=0.0014  train_loss=0.0015 acc=1.0000  test_loss=0.1773 acc=0.9525  (3.3s)
[186/200]  lr=0.0012  train_loss=0.0015 acc=1.0000  test_loss=0.1780 acc=0.9524  (2.8s)
[187/200]  lr=0.0010  train_loss=0.0015 acc=1.0000  test_loss=0.1769 acc=0.9526  (2.8s)
[188/200]  lr=0.0009  train_loss=0.0015 acc=1.0000  test_loss=0.1777 acc=0.9525  (2.9s)
[189/200]  lr=0.0007  train_loss=0.0015 acc=1.0000  test_loss=0.1772 acc=0.9521  (2.9s)
[190/200]  lr=0.0006  train_loss=0.0014 acc=1.0000  test_loss=0.1768 acc=0.9531  (3.0s)
[191/200]  lr=0.0005  train_loss=0.0015 acc=1.0000  test_loss=0.1754 acc=0.9529  (2.9s)
[192/200]  lr=0.0004  train_loss=0.0015 acc=1.0000  test_loss=0.1769 acc=0.9532  (2.8s)
[193/200]  lr=0.0003  train_loss=0.0015 acc=1.0000  test_loss=0.1763 acc=0.9529  (2.9s)
[194/200]  lr=0.0002  train_loss=0.0015 acc=1.0000  test_loss=0.1762 acc=0.9536  (2.9s)
[195/200]  lr=0.0002  train_loss=0.0016 acc=1.0000  test_loss=0.1785 acc=0.9523  (2.9s)
[196/200]  lr=0.0001  train_loss=0.0015 acc=1.0000  test_loss=0.1768 acc=0.9532  (3.0s)
[197/200]  lr=0.0001  train_loss=0.0015 acc=1.0000  test_loss=0.1771 acc=0.9532  (2.8s)
[198/200]  lr=0.0000  train_loss=0.0014 acc=1.0000  test_loss=0.1782 acc=0.9536  (2.8s)
[199/200]  lr=0.0000  train_loss=0.0015 acc=1.0000  test_loss=0.1769 acc=0.9535  (2.9s)
[200/200]  lr=0.0000  train_loss=0.0014 acc=1.0000  test_loss=0.1766 acc=0.9535  (2.8s)

Final test accuracy: 0.9535  (best across epochs: 0.9536)
Total wall-clock: 9.7 min

[OK] Saved backbone -> models/cifar_resnet18.pt  (42.7 MB)
     final test accuracy: 0.9535
[OK] Wrote provenance sidecar -> models/cifar_resnet18.acc.json
     sha256_first16=a7ae5f4243595ea3  recipe=madry2018-cifar-resnet18-v1

Next step: python scripts/build_profile_testset.py
