Device: cuda
Training ensemble scorer: n_train=2500, eps=0.031373 (= 8/255 = 0.031373)
Adversarial mix: FGSM:37.5%  PGD:25.0%  Square:25.0%  CW:12.5%
Selection objective: worst_case_tpr
PGD train steps: 40
Logit profile feature count: 8
Stability feature count: 8
Training source split: CIFAR10 test profile split [0-4999]

Extracting 2500 clean feature vectors...

Batch-generating 937 FGSM adversarials (eps=0.031373)...
    [gen] 512/937 elapsed=1.1s  rate=0.00s/img
    [gen] 937/937 elapsed=1.9s  rate=0.00s/img
  FGSM adv: batch-generated 937 adversarials in 1.9s (0.002s/img)
Extracting 937 FGSM TDA features...

Batch-generating 625 PGD adversarials (eps=0.031373)...
    [gen] 512/625 elapsed=5.0s  rate=0.01s/img
    [gen] 625/625 elapsed=6.7s  rate=0.01s/img
  PGD adv: batch-generated 625 adversarials in 6.7s (0.011s/img)
Extracting 625 PGD TDA features...

Batch-generating 625 Square adversarials (eps=0.031373)...
    [gen] 512/625 elapsed=63.2s  rate=0.12s/img
    [gen] 625/625 elapsed=75.9s  rate=0.12s/img
  Square adv: batch-generated 625 adversarials in 75.9s (0.121s/img)
Extracting 625 Square TDA features...

Batch-generating 313 CW adversarials (eps=0.031373)...
    [gen] 313/313 elapsed=8.4s  rate=0.03s/img
  CW adv: batch-generated 313 adversarials in 8.4s (0.027s/img)
Extracting 313 CW TDA features...

Feature matrix shapes: clean=(2500, 54), adv=(2500, 54)
  (FGSM: 937, PGD: 625, Square: 625, CW: 313)

Fitting logistic regression ensemble component (54-dim (no_tda=False))...

Held-out validation AUC (logistic component): 0.9691
              precision    recall  f1-score   support

       clean       0.90      0.92      0.91       500
         adv       0.91      0.90      0.91       500

    accuracy                           0.91      1000
   macro avg       0.91      0.91      0.91      1000
weighted avg       0.91      0.91      0.91      1000

Selected α = 0.200 (worst_case_tpr)
Held-out per-attack TPR at clean FPR<=10%: CW:0.959  FGSM:0.849  PGD:0.985  Square:0.898

[OK] Ensemble scorer trained and saved.
   Training eps = 0.031373 (= 8/255, matches evaluation)
   Adversarial mix: FGSM(937) + PGD(625) + Square(625) + CW(313)
   training_attacks=['FGSM', 'PGD', 'Square', 'CW']
   effective_weights: FGSM=1.50, PGD=1.00, Square=1.00, n_features=54
   pgd_train_steps=40, square_train_max_iter=500
   attack_head_mode=off
   score_channel_aggregation=max
   use_stability_features=True
   use_logit_profile_features=True
   logit_profile_feature_count=8
   stability_feature_count=8
   use_side_quadratic_features=True
   logistic_input_dim=225
   feature_space_version=pixel-stability-v2+logitprofile+sidequad
   use_grad_norm=False
   Trained on CIFAR10 test profile split [0-4999]
   logit_shift=-2.8103, w_score_mean=0.8126

Next step: python scripts/calibrate_ensemble.py
