Device: cuda
Building topological profile from CIFAR10 TEST set...
  Profile range: indices 0-4999
  Backbone test acc: 0.9500 (n=200, gate ≥ 0.90)
  CIFAR10 test set size: 10000

Phase 1: Collecting diagrams from 5000 test images (indices 0-4999)...

Phase 2: Computing medoid reference diagrams (dims=[0, 1], dim_weights=[0.7, 0.3])...
  layer2: computing medoid from 5000 diagrams...
    Medoid: 150 H0 features, 75 H1 features
  layer3: computing medoid from 5000 diagrams...
    Medoid: 64 H0 features, 19 H1 features
  layer4: computing medoid from 5000 diagrams...
    Medoid: 16 H0 features, 4 H1 features

Reference profiles saved -> ./models/reference_profiles.pkl (built from TEST set)
Scorer saved -> models/scorer.pkl

Phase 3: Computing anomaly scores for all splits...
  Profile : n=5000, mean=0.8132, std=0.3021
  Calibration: n=2000, mean=0.7942, std=0.2869
  Validation:  n=1000, mean=0.8029, std=0.2988

Phase 4: Sanity checks...

[OK] Profile built successfully from CIFAR-10 TEST set.
   Profile : 5000 images (test idx 0-4999)
   Cal     : 2000 images (test idx 5000-6999)
   Val     : 1000 images (test idx 7000-7999)
   Eval    : 2000 images HELD OUT (test idx 8000-9999)

Next step: python scripts/calibrate_ensemble.py
